#
# A fatal error has been detected by the Java Runtime Environment:
#
#  Internal Error (javaClasses.cpp:136), pid=2056, tid=11944
#  fatal error: Invalid layout of preloaded class
#
# JRE version:  (7.0_45-b18) (build )
# Java VM: Java HotSpot(TM) Client VM (24.45-b08 mixed mode windows-x86 )
# Failed to write core dump. Minidumps are not enabled by default on client versions of Windows
#
# If you would like to submit a bug report, please visit:
#   http://bugreport.sun.com/bugreport/crash.jsp
#

---------------  T H R E A D  ---------------

Current thread (0x00a1c000):  JavaThread "Unknown thread" [_thread_in_vm, id=11944, stack(0x00ae0000,0x00b30000)]

Stack: [0x00ae0000,0x00b30000],  sp=0x00b2f53c,  free space=317k
Native frames: (J=compiled Java code, j=interpreted, Vv=VM code, C=native code)
V  [jvm.dll+0x18df51]
V  [jvm.dll+0x187cc6]
V  [jvm.dll+0x3586a]
V  [jvm.dll+0x358f6]
V  [jvm.dll+0x4400d]
V  [jvm.dll+0x442be]
V  [jvm.dll+0x9263a]
V  [jvm.dll+0x929eb]
V  [jvm.dll+0x13daf1]
V  [jvm.dll+0x1605fc]
V  [jvm.dll+0xc8ebf]
C  [javaw.exe+0x13ce]
C  [javaw.exe+0x1e40]
C  [javaw.exe+0xa5b1]
C  [javaw.exe+0xa63b]
C  [kernel32.dll+0x4ed5c]
C  [ntdll.dll+0x637eb]
C  [ntdll.dll+0x637be]


---------------  P R O C E S S  ---------------

Java Threads: ( => current thread )

Other Threads:

=>0x00a1c000 (exited) JavaThread "Unknown thread" [_thread_in_vm, id=11944, stack(0x00ae0000,0x00b30000)]

VM state:not at safepoint (not fully initialized)

VM Mutex/Monitor currently owned by a thread: None

GC Heap History (0 events):
No events

Deoptimization events (0 events):
No events

Internal exceptions (0 events):
No events

Events (10 events):
Event: 0.015 loading class 0x0093bc08 done
Event: 0.016 loading class 0x0093b698 done
Event: 0.016 loading class 0x0093b678
Event: 0.016 loading class 0x009429a0
Event: 0.016 loading class 0x009429a0 done
Event: 0.016 loading class 0x009429d0
Event: 0.016 loading class 0x009429d0 done
Event: 0.016 loading class 0x00942a00
Event: 0.016 loading class 0x00942a00 done
Event: 0.016 loading class 0x0093b678 done


Dynamic libraries:
0x010a0000 - 0x010cf000 	C:\Program Files\Java\jre7\bin\javaw.exe
0x77250000 - 0x7738c000 	C:\Windows\SYSTEM32\ntdll.dll
0x773a0000 - 0x77474000 	C:\Windows\system32\kernel32.dll
0x753d0000 - 0x7541b000 	C:\Windows\system32\KERNELBASE.dll
0x756c0000 - 0x75760000 	C:\Windows\system32\ADVAPI32.dll
0x757d0000 - 0x7587c000 	C:\Windows\system32\msvcrt.dll
0x77040000 - 0x77059000 	C:\Windows\SYSTEM32\sechost.dll
0x76f00000 - 0x76fa2000 	C:\Windows\system32\RPCRT4.dll
0x755f0000 - 0x756b9000 	C:\Windows\system32\USER32.dll
0x75a40000 - 0x75a8e000 	C:\Windows\system32\GDI32.dll
0x75bc0000 - 0x75bca000 	C:\Windows\system32\LPK.dll
0x75dc0000 - 0x75e5d000 	C:\Windows\system32\USP10.dll
0x74250000 - 0x743ee000 	C:\Windows\WinSxS\x86_microsoft.windows.common-controls_6595b64144ccf1df_6.0.7601.17514_none_41e6975e2bd6f2b2\COMCTL32.dll
0x75760000 - 0x757b7000 	C:\Windows\system32\SHLWAPI.dll
0x75880000 - 0x7589f000 	C:\Windows\system32\IMM32.DLL
0x75af0000 - 0x75bbc000 	C:\Windows\system32\MSCTF.dll
0x619d0000 - 0x61a8f000 	C:\Program Files\Java\jre7\bin\msvcr100.dll
0x658f0000 - 0x65c70000 	C:\Program Files\Java\jre7\bin\client\jvm.dll
0x715d0000 - 0x715d7000 	C:\Windows\system32\WSOCK32.dll
0x75ef0000 - 0x75f25000 	C:\Windows\system32\WS2_32.dll
0x757c0000 - 0x757c6000 	C:\Windows\system32\NSI.dll
0x735b0000 - 0x735e2000 	C:\Windows\system32\WINMM.dll
0x77030000 - 0x77035000 	C:\Windows\system32\PSAPI.DLL
0x74230000 - 0x7423c000 	C:\Program Files\Java\jre7\bin\verify.dll
0x731e0000 - 0x73200000 	C:\Program Files\Java\jre7\bin\java.dll
0x73200000 - 0x73213000 	C:\Program Files\Java\jre7\bin\zip.dll
0x6a800000 - 0x6a8eb000 	C:\Windows\system32\dbghelp.dll

VM Arguments:
jvm_args: -Dfile.encoding=Cp1252 -Xbootclasspath:C:\Users\csmckelvey\Desktop\adt-bundle-windows-x86-20130729\sdk\platforms\android-18\android.jar 
java_command: com.csmckelvey.statitician.TesterObject
Launcher Type: SUN_STANDARD

Environment Variables:
PATH=C:/Program Files/Java/jre7/bin/client;C:/Program Files/Java/jre7/bin;C:/Program Files/Java/jre7/lib/i386;C:\Program Files\Common Files\Microsoft Shared\Windows Live;C:\Program Files\NVIDIA Corporation\PhysX\Common;C:\Windows\system32;C:\Windows;C:\Windows\System32\Wbem;C:\Windows\System32\WindowsPowerShell\v1.0\;C:\Program Files\CodeBlocks\MinGW;C:\Program Files\Windows Live\Shared;C:\Users\csmckelvey\Desktop\adt-bundle-windows-x86-20130729\eclipse;
USERNAME=csmckelvey
OS=Windows_NT
PROCESSOR_IDENTIFIER=x86 Family 6 Model 15 Stepping 13, GenuineIntel



---------------  S Y S T E M  ---------------

OS: Windows 7 Build 7601 Service Pack 1

CPU:total 2 (2 cores per cpu, 1 threads per core) family 6 model 15 stepping 13, cmov, cx8, fxsr, mmx, sse, sse2, sse3, ssse3, tsc

Memory: 4k page, physical 3406004k(1886828k free), swap 6810256k(5218488k free)

vm_info: Java HotSpot(TM) Client VM (24.45-b08) for windows-x86 JRE (1.7.0_45-b18), built on Oct  8 2013 06:02:43 by "java_re" with unknown MS VC++:1600

time: Tue Nov 05 14:04:19 2013
elapsed time: 0 seconds

